[01/Jun/2026 12:01:11] "GET /status/ HTTP/1.1" 200 147
[01/Jun/2026 12:01:11,961] - Broken pipe from ('127.0.0.1', 61578)
[01/Jun/2026 12:01:43] "GET /status/ HTTP/1.1" 200 147
[01/Jun/2026 12:01:43,147] - Broken pipe from ('127.0.0.1', 51321)
[01/Jun/2026 12:01:47] "GET / HTTP/1.1" 200 4159
[01/Jun/2026 12:01:47,625] - Broken pipe from ('127.0.0.1', 51325)
[01/Jun/2026 12:01:49] "GET / HTTP/1.1" 200 4159
[01/Jun/2026 12:01:50] "GET /static/sender/styles.css HTTP/1.1" 200 5097
[01/Jun/2026 12:01:50] "GET /static/sender/app.js HTTP/1.1" 200 3958
[01/Jun/2026 12:01:50] "GET /status/ HTTP/1.1" 200 147
Not Found: /favicon.ico
[01/Jun/2026 12:01:50] "GET /favicon.ico HTTP/1.1" 404 2798
[01/Jun/2026 12:01:51] "GET /status/ HTTP/1.1" 200 147
[01/Jun/2026 12:01:53] "GET /status/ HTTP/1.1" 200 147
[01/Jun/2026 12:01:54] "GET /status/ HTTP/1.1" 200 147
[01/Jun/2026 12:01:56] "GET /status/ HTTP/1.1" 200 147
[01/Jun/2026 12:01:57] "GET /status/ HTTP/1.1" 200 147
[01/Jun/2026 12:01:59] "GET /status/ HTTP/1.1" 200 147
[01/Jun/2026 12:02:00] "GET /status/ HTTP/1.1" 200 147
[01/Jun/2026 12:02:02] "GET /status/ HTTP/1.1" 200 147
[01/Jun/2026 12:02:03] "GET /status/ HTTP/1.1" 200 147
[01/Jun/2026 12:02:05] "GET /status/ HTTP/1.1" 200 147
[01/Jun/2026 12:02:06] "GET /status/ HTTP/1.1" 200 147
[01/Jun/2026 12:02:08] "GET /status/ HTTP/1.1" 200 147
[01/Jun/2026 12:02:10] "GET /status/ HTTP/1.1" 200 147
[01/Jun/2026 12:02:11] "GET /status/ HTTP/1.1" 200 147
[01/Jun/2026 12:02:12] "GET /status/ HTTP/1.1" 200 147
[01/Jun/2026 12:02:13] "POST /start/ HTTP/1.1" 200 43
[01/Jun/2026 12:02:13] "GET /status/ HTTP/1.1" 200 326
[01/Jun/2026 12:02:14] "GET /status/ HTTP/1.1" 200 415
[01/Jun/2026 12:02:16] "GET /status/ HTTP/1.1" 200 415
[01/Jun/2026 12:02:17] "GET /status/ HTTP/1.1" 200 415
[01/Jun/2026 12:02:18] "GET /status/ HTTP/1.1" 200 415
[01/Jun/2026 12:02:20] "GET /status/ HTTP/1.1" 200 415
[01/Jun/2026 12:02:21] "GET /status/ HTTP/1.1" 200 415
[01/Jun/2026 12:02:23] "GET /status/ HTTP/1.1" 200 415
[01/Jun/2026 12:02:24] "GET /status/ HTTP/1.1" 200 415
[01/Jun/2026 12:02:26] "GET /status/ HTTP/1.1" 200 415
[01/Jun/2026 12:02:27] "POST /stop/ HTTP/1.1" 200 42
[01/Jun/2026 12:02:27] "GET /status/ HTTP/1.1" 200 492
[01/Jun/2026 12:02:27] "GET /status/ HTTP/1.1" 200 523
[01/Jun/2026 12:02:37] "GET / HTTP/1.1" 200 4159
[01/Jun/2026 12:02:38] "GET /static/sender/styles.css HTTP/1.1" 304 0
[01/Jun/2026 12:02:38] "GET /static/sender/app.js HTTP/1.1" 304 0
[01/Jun/2026 12:02:38] "GET /status/ HTTP/1.1" 200 666
[01/Jun/2026 12:02:39] "GET /status/ HTTP/1.1" 200 666
[01/Jun/2026 12:02:41] "GET /status/ HTTP/1.1" 200 666
[01/Jun/2026 12:02:42] "GET /status/ HTTP/1.1" 200 666
[01/Jun/2026 12:02:44] "GET /status/ HTTP/1.1" 200 666
[01/Jun/2026 12:02:45] "GET /status/ HTTP/1.1" 200 666
[01/Jun/2026 12:02:47] "GET /status/ HTTP/1.1" 200 666
[01/Jun/2026 12:02:48] "GET /status/ HTTP/1.1" 200 666
[01/Jun/2026 12:02:50] "GET /status/ HTTP/1.1" 200 666
[01/Jun/2026 12:02:51] "GET /status/ HTTP/1.1" 200 666
[01/Jun/2026 12:02:53] "GET /status/ HTTP/1.1" 200 666
[01/Jun/2026 12:02:54] "GET /status/ HTTP/1.1" 200 666
[01/Jun/2026 12:02:56] "GET /status/ HTTP/1.1" 200 666
[01/Jun/2026 12:02:57] "GET /status/ HTTP/1.1" 200 666
[01/Jun/2026 12:02:59] "GET /status/ HTTP/1.1" 200 666
[01/Jun/2026 12:03:00] "GET /status/ HTTP/1.1" 200 666
[01/Jun/2026 12:03:02] "GET /status/ HTTP/1.1" 200 666
[01/Jun/2026 12:03:03] "GET /status/ HTTP/1.1" 200 666
[01/Jun/2026 12:03:05] "GET /status/ HTTP/1.1" 200 666
[01/Jun/2026 12:03:06] "GET /status/ HTTP/1.1" 200 666
[01/Jun/2026 12:03:08] "GET /status/ HTTP/1.1" 200 666
[01/Jun/2026 12:03:09] "GET /status/ HTTP/1.1" 200 666
[01/Jun/2026 12:03:11] "GET /status/ HTTP/1.1" 200 666
[01/Jun/2026 12:03:12] "GET /status/ HTTP/1.1" 200 666
[01/Jun/2026 12:03:14] "GET /status/ HTTP/1.1" 200 666
[01/Jun/2026 12:03:15] "GET /status/ HTTP/1.1" 200 666
[01/Jun/2026 12:03:17] "GET /status/ HTTP/1.1" 200 666
[01/Jun/2026 12:03:18] "GET /status/ HTTP/1.1" 200 666
[01/Jun/2026 12:03:20] "GET /status/ HTTP/1.1" 200 666
[01/Jun/2026 12:03:21] "GET /status/ HTTP/1.1" 200 666
[01/Jun/2026 12:03:23] "GET /status/ HTTP/1.1" 200 666
[01/Jun/2026 12:03:24] "GET /status/ HTTP/1.1" 200 666
[01/Jun/2026 12:03:26] "GET /status/ HTTP/1.1" 200 666
[01/Jun/2026 12:03:27] "GET /status/ HTTP/1.1" 200 666
[01/Jun/2026 12:03:29] "GET /status/ HTTP/1.1" 200 666
[01/Jun/2026 12:03:30] "GET /status/ HTTP/1.1" 200 666
[01/Jun/2026 12:03:32] "GET /status/ HTTP/1.1" 200 666
[01/Jun/2026 12:03:33] "GET /status/ HTTP/1.1" 200 666
[01/Jun/2026 12:03:35] "GET /status/ HTTP/1.1" 200 666
[01/Jun/2026 12:03:36] "GET /status/ HTTP/1.1" 200 666
[01/Jun/2026 12:03:38] "GET /status/ HTTP/1.1" 200 666
[01/Jun/2026 12:03:39] "GET /status/ HTTP/1.1" 200 666
[01/Jun/2026 12:03:41] "GET /status/ HTTP/1.1" 200 666
[01/Jun/2026 12:03:42] "GET /status/ HTTP/1.1" 200 666
[01/Jun/2026 12:03:44] "GET /status/ HTTP/1.1" 200 666
[01/Jun/2026 12:03:45] "GET /status/ HTTP/1.1" 200 666
[01/Jun/2026 12:03:47] "GET /status/ HTTP/1.1" 200 666
[01/Jun/2026 12:03:48] "GET /status/ HTTP/1.1" 200 666
[01/Jun/2026 12:03:50] "GET /status/ HTTP/1.1" 200 666
[01/Jun/2026 12:03:51] "GET /status/ HTTP/1.1" 200 666
[01/Jun/2026 12:03:53] "GET /status/ HTTP/1.1" 200 666
[01/Jun/2026 12:03:54] "GET /status/ HTTP/1.1" 200 666
[01/Jun/2026 12:03:56] "GET /status/ HTTP/1.1" 200 666
[01/Jun/2026 12:03:57] "GET /status/ HTTP/1.1" 200 666
[01/Jun/2026 12:03:59] "GET /status/ HTTP/1.1" 200 666
[01/Jun/2026 12:04:00] "GET /status/ HTTP/1.1" 200 666
[01/Jun/2026 12:04:02] "GET /status/ HTTP/1.1" 200 666
[01/Jun/2026 12:04:03] "GET /status/ HTTP/1.1" 200 666
[01/Jun/2026 12:04:05] "GET /status/ HTTP/1.1" 200 666
[01/Jun/2026 12:04:06] "GET /status/ HTTP/1.1" 200 666
[01/Jun/2026 12:04:08] "GET /status/ HTTP/1.1" 200 666
[01/Jun/2026 12:04:09] "GET /status/ HTTP/1.1" 200 666
[01/Jun/2026 12:04:11] "GET /status/ HTTP/1.1" 200 666
[01/Jun/2026 12:04:12] "GET /status/ HTTP/1.1" 200 666
[01/Jun/2026 12:04:14] "GET /status/ HTTP/1.1" 200 666
[01/Jun/2026 12:04:15] "GET /status/ HTTP/1.1" 200 666
[01/Jun/2026 12:04:17] "GET /status/ HTTP/1.1" 200 666
[01/Jun/2026 12:04:18] "GET /status/ HTTP/1.1" 200 666
[01/Jun/2026 12:04:20] "GET /status/ HTTP/1.1" 200 666
[01/Jun/2026 12:04:21] "GET /status/ HTTP/1.1" 200 666
[01/Jun/2026 12:04:23] "GET /status/ HTTP/1.1" 200 666
[01/Jun/2026 12:04:24] "GET /status/ HTTP/1.1" 200 666
[01/Jun/2026 12:04:26] "GET /status/ HTTP/1.1" 200 666
[01/Jun/2026 12:04:27] "GET /status/ HTTP/1.1" 200 666
[01/Jun/2026 12:04:29] "GET /status/ HTTP/1.1" 200 666
[01/Jun/2026 12:04:30] "GET /status/ HTTP/1.1" 200 666
[01/Jun/2026 12:04:32] "GET /status/ HTTP/1.1" 200 666
[01/Jun/2026 12:04:33] "GET /status/ HTTP/1.1" 200 666
[01/Jun/2026 12:04:35] "GET /status/ HTTP/1.1" 200 666
[01/Jun/2026 12:04:36] "GET /status/ HTTP/1.1" 200 666
[01/Jun/2026 12:04:38] "GET /status/ HTTP/1.1" 200 666
[01/Jun/2026 12:04:40] "GET /status/ HTTP/1.1" 200 666
[01/Jun/2026 12:04:41] "GET /status/ HTTP/1.1" 200 666
[01/Jun/2026 12:04:42] "GET /status/ HTTP/1.1" 200 666
[01/Jun/2026 12:04:44] "GET /status/ HTTP/1.1" 200 666
[01/Jun/2026 12:04:45] "GET /status/ HTTP/1.1" 200 666
[01/Jun/2026 12:04:47] "GET /status/ HTTP/1.1" 200 666
[01/Jun/2026 12:04:48] "GET /status/ HTTP/1.1" 200 666
[01/Jun/2026 12:04:50] "GET /status/ HTTP/1.1" 200 666
[01/Jun/2026 12:04:51] "GET /status/ HTTP/1.1" 200 666
[01/Jun/2026 12:04:53] "GET /status/ HTTP/1.1" 200 666
[01/Jun/2026 12:04:54] "GET /status/ HTTP/1.1" 200 666
[01/Jun/2026 12:04:56] "GET /status/ HTTP/1.1" 200 666
[01/Jun/2026 12:04:57] "GET /status/ HTTP/1.1" 200 666
[01/Jun/2026 12:04:59] "GET /status/ HTTP/1.1" 200 666
[01/Jun/2026 12:05:00] "GET /status/ HTTP/1.1" 200 666
[01/Jun/2026 12:05:02] "GET /status/ HTTP/1.1" 200 666
[01/Jun/2026 12:05:03] "GET /status/ HTTP/1.1" 200 666
[01/Jun/2026 12:05:05] "GET /status/ HTTP/1.1" 200 666
[01/Jun/2026 12:05:06] "GET /status/ HTTP/1.1" 200 666
[01/Jun/2026 12:05:08] "GET /status/ HTTP/1.1" 200 666
[01/Jun/2026 12:05:09] "GET /status/ HTTP/1.1" 200 666
[01/Jun/2026 12:05:11] "GET /status/ HTTP/1.1" 200 666
[01/Jun/2026 12:05:12] "GET /status/ HTTP/1.1" 200 666
[01/Jun/2026 12:05:14] "GET /status/ HTTP/1.1" 200 666
[01/Jun/2026 12:05:15] "GET /status/ HTTP/1.1" 200 666
[01/Jun/2026 12:05:17] "GET /status/ HTTP/1.1" 200 666
[01/Jun/2026 12:05:18] "GET /status/ HTTP/1.1" 200 666
[01/Jun/2026 12:05:20] "GET /status/ HTTP/1.1" 200 666
[01/Jun/2026 12:05:21] "GET /status/ HTTP/1.1" 200 666
[01/Jun/2026 12:05:23] "GET /status/ HTTP/1.1" 200 666
[01/Jun/2026 12:05:24] "GET /status/ HTTP/1.1" 200 666
[01/Jun/2026 12:05:26] "GET /status/ HTTP/1.1" 200 666
[01/Jun/2026 12:05:27] "GET /status/ HTTP/1.1" 200 666
[01/Jun/2026 12:05:29] "GET /status/ HTTP/1.1" 200 666
[01/Jun/2026 12:05:30] "GET /status/ HTTP/1.1" 200 666
[01/Jun/2026 12:05:32] "GET /status/ HTTP/1.1" 200 666
[01/Jun/2026 12:05:33] "GET /status/ HTTP/1.1" 200 666
[01/Jun/2026 12:05:35] "GET /status/ HTTP/1.1" 200 666
[01/Jun/2026 12:05:36] "GET /status/ HTTP/1.1" 200 666
[01/Jun/2026 12:05:38] "GET /status/ HTTP/1.1" 200 666
[01/Jun/2026 12:05:39] "GET /status/ HTTP/1.1" 200 666
[01/Jun/2026 12:05:41] "GET /status/ HTTP/1.1" 200 666
[01/Jun/2026 12:05:42] "GET /status/ HTTP/1.1" 200 666
[01/Jun/2026 12:05:44] "GET /status/ HTTP/1.1" 200 666
[01/Jun/2026 12:05:45] "GET /status/ HTTP/1.1" 200 666
[01/Jun/2026 12:05:47] "GET /status/ HTTP/1.1" 200 666
[01/Jun/2026 12:05:48] "GET /status/ HTTP/1.1" 200 666
[01/Jun/2026 12:05:50] "GET /status/ HTTP/1.1" 200 666
[01/Jun/2026 12:05:51] "GET /status/ HTTP/1.1" 200 666
[01/Jun/2026 12:05:53] "GET /status/ HTTP/1.1" 200 666
[01/Jun/2026 12:05:54] "GET /status/ HTTP/1.1" 200 666
[01/Jun/2026 12:05:56] "GET /status/ HTTP/1.1" 200 666
[01/Jun/2026 12:05:57] "GET /status/ HTTP/1.1" 200 666
[01/Jun/2026 12:05:59] "GET /status/ HTTP/1.1" 200 666
[01/Jun/2026 12:06:00] "GET /status/ HTTP/1.1" 200 666
[01/Jun/2026 12:06:02] "GET /status/ HTTP/1.1" 200 666
[01/Jun/2026 12:06:03] "GET /status/ HTTP/1.1" 200 666
[01/Jun/2026 12:06:05] "GET /status/ HTTP/1.1" 200 666
[01/Jun/2026 12:06:06] "GET /status/ HTTP/1.1" 200 666
[01/Jun/2026 12:06:08] "GET /status/ HTTP/1.1" 200 666
[01/Jun/2026 12:06:09] "GET /status/ HTTP/1.1" 200 666
[01/Jun/2026 12:06:11] "GET /status/ HTTP/1.1" 200 666
[01/Jun/2026 12:06:12] "GET /status/ HTTP/1.1" 200 666
[01/Jun/2026 12:06:14] "GET /status/ HTTP/1.1" 200 666
[01/Jun/2026 12:06:15] "GET /status/ HTTP/1.1" 200 666
[01/Jun/2026 12:06:17] "GET /status/ HTTP/1.1" 200 666
[01/Jun/2026 12:06:18] "GET /status/ HTTP/1.1" 200 666
[01/Jun/2026 12:06:20] "GET /status/ HTTP/1.1" 200 666
[01/Jun/2026 12:06:21] "GET /status/ HTTP/1.1" 200 666
[01/Jun/2026 12:06:23] "GET /status/ HTTP/1.1" 200 666
[01/Jun/2026 12:06:24] "GET /status/ HTTP/1.1" 200 666
[01/Jun/2026 12:06:26] "GET /status/ HTTP/1.1" 200 666
[01/Jun/2026 12:06:27] "GET /status/ HTTP/1.1" 200 666
[01/Jun/2026 12:06:29] "GET /status/ HTTP/1.1" 200 666
[01/Jun/2026 12:06:30] "GET /status/ HTTP/1.1" 200 666
[01/Jun/2026 12:06:32] "GET /status/ HTTP/1.1" 200 666
[01/Jun/2026 12:06:33] "GET /status/ HTTP/1.1" 200 666
[01/Jun/2026 12:06:35] "GET /status/ HTTP/1.1" 200 666
[01/Jun/2026 12:06:36] "GET /status/ HTTP/1.1" 200 666
[01/Jun/2026 12:06:38] "GET /status/ HTTP/1.1" 200 666
[01/Jun/2026 12:06:39] "GET /status/ HTTP/1.1" 200 666
[01/Jun/2026 12:06:41] "GET /status/ HTTP/1.1" 200 666
[01/Jun/2026 12:06:42] "GET /status/ HTTP/1.1" 200 666
[01/Jun/2026 12:06:44] "GET /status/ HTTP/1.1" 200 666
[01/Jun/2026 12:06:45] "GET /status/ HTTP/1.1" 200 666
[01/Jun/2026 12:06:47] "GET /status/ HTTP/1.1" 200 666
[01/Jun/2026 12:06:48] "GET /status/ HTTP/1.1" 200 666
[01/Jun/2026 12:06:50] "GET /status/ HTTP/1.1" 200 666
[01/Jun/2026 12:06:51] "GET /status/ HTTP/1.1" 200 666
[01/Jun/2026 12:06:53] "GET /status/ HTTP/1.1" 200 666
[01/Jun/2026 12:06:54] "GET /status/ HTTP/1.1" 200 666
[01/Jun/2026 12:06:56] "GET /status/ HTTP/1.1" 200 666
[01/Jun/2026 12:06:57] "GET /status/ HTTP/1.1" 200 666
[01/Jun/2026 12:06:59] "GET /status/ HTTP/1.1" 200 666
[01/Jun/2026 12:07:00] "GET /status/ HTTP/1.1" 200 666
[01/Jun/2026 12:07:02] "GET /status/ HTTP/1.1" 200 666
[01/Jun/2026 12:07:03] "GET /status/ HTTP/1.1" 200 666
[01/Jun/2026 12:07:05] "GET /status/ HTTP/1.1" 200 666
[01/Jun/2026 12:07:06] "GET /status/ HTTP/1.1" 200 666
[01/Jun/2026 12:07:08] "GET /status/ HTTP/1.1" 200 666
[01/Jun/2026 12:07:09] "GET /status/ HTTP/1.1" 200 666
[01/Jun/2026 12:07:11] "GET /status/ HTTP/1.1" 200 666
[01/Jun/2026 12:07:12] "GET /status/ HTTP/1.1" 200 666
[01/Jun/2026 12:07:14] "GET /status/ HTTP/1.1" 200 666
[01/Jun/2026 12:07:15] "GET /status/ HTTP/1.1" 200 666
[01/Jun/2026 12:07:17] "GET /status/ HTTP/1.1" 200 666
[01/Jun/2026 12:07:18] "GET /status/ HTTP/1.1" 200 666
[01/Jun/2026 12:07:20] "GET /status/ HTTP/1.1" 200 666
[01/Jun/2026 12:07:21] "GET /status/ HTTP/1.1" 200 666
[01/Jun/2026 12:07:23] "GET /status/ HTTP/1.1" 200 666
[01/Jun/2026 12:07:24] "GET /status/ HTTP/1.1" 200 666
[01/Jun/2026 12:07:26] "GET /status/ HTTP/1.1" 200 666
[01/Jun/2026 12:07:27] "GET /status/ HTTP/1.1" 200 666
[01/Jun/2026 12:07:29] "GET /status/ HTTP/1.1" 200 666
[01/Jun/2026 12:07:30] "GET /status/ HTTP/1.1" 200 666
[01/Jun/2026 12:07:32] "GET /status/ HTTP/1.1" 200 666
[01/Jun/2026 12:07:33] "GET /status/ HTTP/1.1" 200 666
[01/Jun/2026 12:07:35] "GET /status/ HTTP/1.1" 200 666
[01/Jun/2026 12:07:36] "GET /status/ HTTP/1.1" 200 666
[01/Jun/2026 12:07:38] "GET /status/ HTTP/1.1" 200 666
[01/Jun/2026 12:07:39] "GET /status/ HTTP/1.1" 200 666
[01/Jun/2026 12:07:41] "GET /status/ HTTP/1.1" 200 666
[01/Jun/2026 12:07:42] "GET /status/ HTTP/1.1" 200 666
[01/Jun/2026 12:07:44] "GET /status/ HTTP/1.1" 200 666
[01/Jun/2026 12:07:45] "GET /status/ HTTP/1.1" 200 666
[01/Jun/2026 12:07:47] "GET /status/ HTTP/1.1" 200 666
[01/Jun/2026 12:07:48] "GET /status/ HTTP/1.1" 200 666
[01/Jun/2026 12:07:50] "GET /status/ HTTP/1.1" 200 666
[01/Jun/2026 12:07:51] "GET /status/ HTTP/1.1" 200 666
[01/Jun/2026 12:07:53] "GET /status/ HTTP/1.1" 200 666
[01/Jun/2026 12:07:54] "GET /status/ HTTP/1.1" 200 666
[01/Jun/2026 12:07:56] "GET /status/ HTTP/1.1" 200 666
[01/Jun/2026 12:07:57] "GET /status/ HTTP/1.1" 200 666
[01/Jun/2026 12:07:59] "GET /status/ HTTP/1.1" 200 666
[01/Jun/2026 12:08:00] "GET /status/ HTTP/1.1" 200 666
[01/Jun/2026 12:08:02] "GET /status/ HTTP/1.1" 200 666
[01/Jun/2026 12:08:03] "GET /status/ HTTP/1.1" 200 666
[01/Jun/2026 12:08:05] "GET /status/ HTTP/1.1" 200 666
[01/Jun/2026 12:08:06] "GET /status/ HTTP/1.1" 200 666
[01/Jun/2026 12:08:08] "GET /status/ HTTP/1.1" 200 666
[01/Jun/2026 12:08:09] "GET /status/ HTTP/1.1" 200 666
[01/Jun/2026 12:08:11] "GET /status/ HTTP/1.1" 200 666
[01/Jun/2026 12:08:12] "GET /status/ HTTP/1.1" 200 666
[01/Jun/2026 12:08:14] "GET /status/ HTTP/1.1" 200 666
[01/Jun/2026 12:08:15] "GET /status/ HTTP/1.1" 200 666
[01/Jun/2026 12:08:17] "GET /status/ HTTP/1.1" 200 666
[01/Jun/2026 12:08:18] "GET /status/ HTTP/1.1" 200 666
[01/Jun/2026 12:08:20] "GET /status/ HTTP/1.1" 200 666
[01/Jun/2026 12:08:21] "GET /status/ HTTP/1.1" 200 666
[01/Jun/2026 12:08:23] "GET /status/ HTTP/1.1" 200 666
[01/Jun/2026 12:08:24] "GET /status/ HTTP/1.1" 200 666
[01/Jun/2026 12:08:26] "GET /status/ HTTP/1.1" 200 666
[01/Jun/2026 12:08:27] "GET /status/ HTTP/1.1" 200 666
[01/Jun/2026 12:08:29] "GET /status/ HTTP/1.1" 200 666
[01/Jun/2026 12:08:30] "GET /status/ HTTP/1.1" 200 666
[01/Jun/2026 12:08:32] "GET /status/ HTTP/1.1" 200 666
[01/Jun/2026 12:08:33] "GET /status/ HTTP/1.1" 200 666
[01/Jun/2026 12:08:35] "GET /status/ HTTP/1.1" 200 666
[01/Jun/2026 12:08:37] "GET /status/ HTTP/1.1" 200 666
[01/Jun/2026 12:08:38] "GET /status/ HTTP/1.1" 200 666
[01/Jun/2026 12:08:39] "GET /status/ HTTP/1.1" 200 666
[01/Jun/2026 12:08:41] "GET /status/ HTTP/1.1" 200 666
[01/Jun/2026 12:08:42] "GET /status/ HTTP/1.1" 200 666
[01/Jun/2026 12:08:44] "GET /status/ HTTP/1.1" 200 666
